

Microchip MPLAB XC8 Assembler V2.31 build 20201012212115 
                                                                                               Wed Mar 10 20:09:29 2021

Microchip MPLAB XC8 C Compiler v2.31 (Free license) build 20201012212115 Og1 
     1                           	processor	16F887
     2                           	pagewidth 120
     3                           	opt	flic
     4                           	psect	cinit,global,class=CODE,merge=1,delta=2
     5                           	psect	cstackCOMMON,global,class=COMMON,space=1,delta=1,noexec
     6                           	psect	maintext,global,class=CODE,split=1,delta=2
     7                           	psect	text1,local,class=CODE,merge=1,delta=2
     8                           	psect	config,global,abs,ovrld,class=CONFIG,space=4,delta=2,noexec
     9                           	dabs	1,0x7E,2
    10  0000                     
    11                           ; Version 2.20
    12                           ; Generated 12/02/2020 GMT
    13                           ; 
    14                           ; Copyright © 2020, Microchip Technology Inc. and its subsidiaries ("Microchip")
    15                           ; All rights reserved.
    16                           ; 
    17                           ; This software is developed by Microchip Technology Inc. and its subsidiaries ("Microch
      +                          ip").
    18                           ; 
    19                           ; Redistribution and use in source and binary forms, with or without modification, are
    20                           ; permitted provided that the following conditions are met:
    21                           ; 
    22                           ;     1. Redistributions of source code must retain the above copyright notice, this lis
      +                          t of
    23                           ;        conditions and the following disclaimer.
    24                           ; 
    25                           ;     2. Redistributions in binary form must reproduce the above copyright notice, this 
      +                          list
    26                           ;        of conditions and the following disclaimer in the documentation and/or other
    27                           ;        materials provided with the distribution.
    28                           ; 
    29                           ;     3. Microchip's name may not be used to endorse or promote products derived from th
      +                          is
    30                           ;        software without specific prior written permission.
    31                           ; 
    32                           ; THIS SOFTWARE IS PROVIDED BY MICROCHIP "AS IS" AND ANY EXPRESS OR IMPLIED WARRANTIES,
    33                           ; INCLUDING, BUT NOT LIMITED TO, THE IMPLIED WARRANTIES OF MERCHANTABILITY AND FITNESS F
      +                          OR
    34                           ; PURPOSE ARE DISCLAIMED.  IN NO EVENT SHALL MICROCHIP BE LIABLE FOR ANY DIRECT, INDIREC
      +                          T,
    35                           ; INCIDENTAL, SPECIAL, EXEMPLARY, OR CONSEQUENTIAL DAMAGES (INCLUDING BUT NOT LIMITED TO
    36                           ; PROCUREMENT OF SUBSTITUTE GOODS OR SERVICES; LOSS OF USE, DATA OR PROFITS; OR BUSINESS
    37                           ; INTERRUPTION) HOWSOEVER CAUSED AND ON ANY THEORY OF LIABILITY, WHETHER IN CONTRACT, ST
      +                          RICT
    38                           ; LIABILITY, OR TORT (INCLUDING NEGLIGENCE OR OTHERWISE) ARISING IN ANY WAY OUT OF THE U
      +                          SE OF
    39                           ; THIS SOFTWARE, EVEN IF ADVISED OF THE POSSIBILITY OF SUCH DAMAGE.
    40                           ; 
    41                           ; 
    42                           ; Code-generator required, PIC16F887 Definitions
    43                           ; 
    44                           ; SFR Addresses
    45  0000                     	;# 
    46  0001                     	;# 
    47  0002                     	;# 
    48  0003                     	;# 
    49  0004                     	;# 
    50  0005                     	;# 
    51  0006                     	;# 
    52  0007                     	;# 
    53  0008                     	;# 
    54  0009                     	;# 
    55  000A                     	;# 
    56  000B                     	;# 
    57  000C                     	;# 
    58  000D                     	;# 
    59  000E                     	;# 
    60  000E                     	;# 
    61  000F                     	;# 
    62  0010                     	;# 
    63  0011                     	;# 
    64  0012                     	;# 
    65  0013                     	;# 
    66  0014                     	;# 
    67  0015                     	;# 
    68  0015                     	;# 
    69  0016                     	;# 
    70  0017                     	;# 
    71  0018                     	;# 
    72  0019                     	;# 
    73  001A                     	;# 
    74  001B                     	;# 
    75  001B                     	;# 
    76  001C                     	;# 
    77  001D                     	;# 
    78  001E                     	;# 
    79  001F                     	;# 
    80  0081                     	;# 
    81  0085                     	;# 
    82  0086                     	;# 
    83  0087                     	;# 
    84  0088                     	;# 
    85  0089                     	;# 
    86  008C                     	;# 
    87  008D                     	;# 
    88  008E                     	;# 
    89  008F                     	;# 
    90  0090                     	;# 
    91  0091                     	;# 
    92  0092                     	;# 
    93  0093                     	;# 
    94  0093                     	;# 
    95  0093                     	;# 
    96  0094                     	;# 
    97  0095                     	;# 
    98  0096                     	;# 
    99  0097                     	;# 
   100  0098                     	;# 
   101  0099                     	;# 
   102  009A                     	;# 
   103  009B                     	;# 
   104  009C                     	;# 
   105  009D                     	;# 
   106  009E                     	;# 
   107  009F                     	;# 
   108  0105                     	;# 
   109  0107                     	;# 
   110  0108                     	;# 
   111  0109                     	;# 
   112  010C                     	;# 
   113  010C                     	;# 
   114  010D                     	;# 
   115  010E                     	;# 
   116  010F                     	;# 
   117  0185                     	;# 
   118  0187                     	;# 
   119  0188                     	;# 
   120  0189                     	;# 
   121  018C                     	;# 
   122  018D                     	;# 
   123  0000                     	;# 
   124  0001                     	;# 
   125  0002                     	;# 
   126  0003                     	;# 
   127  0004                     	;# 
   128  0005                     	;# 
   129  0006                     	;# 
   130  0007                     	;# 
   131  0008                     	;# 
   132  0009                     	;# 
   133  000A                     	;# 
   134  000B                     	;# 
   135  000C                     	;# 
   136  000D                     	;# 
   137  000E                     	;# 
   138  000E                     	;# 
   139  000F                     	;# 
   140  0010                     	;# 
   141  0011                     	;# 
   142  0012                     	;# 
   143  0013                     	;# 
   144  0014                     	;# 
   145  0015                     	;# 
   146  0015                     	;# 
   147  0016                     	;# 
   148  0017                     	;# 
   149  0018                     	;# 
   150  0019                     	;# 
   151  001A                     	;# 
   152  001B                     	;# 
   153  001B                     	;# 
   154  001C                     	;# 
   155  001D                     	;# 
   156  001E                     	;# 
   157  001F                     	;# 
   158  0081                     	;# 
   159  0085                     	;# 
   160  0086                     	;# 
   161  0087                     	;# 
   162  0088                     	;# 
   163  0089                     	;# 
   164  008C                     	;# 
   165  008D                     	;# 
   166  008E                     	;# 
   167  008F                     	;# 
   168  0090                     	;# 
   169  0091                     	;# 
   170  0092                     	;# 
   171  0093                     	;# 
   172  0093                     	;# 
   173  0093                     	;# 
   174  0094                     	;# 
   175  0095                     	;# 
   176  0096                     	;# 
   177  0097                     	;# 
   178  0098                     	;# 
   179  0099                     	;# 
   180  009A                     	;# 
   181  009B                     	;# 
   182  009C                     	;# 
   183  009D                     	;# 
   184  009E                     	;# 
   185  009F                     	;# 
   186  0105                     	;# 
   187  0107                     	;# 
   188  0108                     	;# 
   189  0109                     	;# 
   190  010C                     	;# 
   191  010C                     	;# 
   192  010D                     	;# 
   193  010E                     	;# 
   194  010F                     	;# 
   195  0185                     	;# 
   196  0187                     	;# 
   197  0188                     	;# 
   198  0189                     	;# 
   199  018C                     	;# 
   200  018D                     	;# 
   201  0000                     	;# 
   202  0001                     	;# 
   203  0002                     	;# 
   204  0003                     	;# 
   205  0004                     	;# 
   206  0005                     	;# 
   207  0006                     	;# 
   208  0007                     	;# 
   209  0008                     	;# 
   210  0009                     	;# 
   211  000A                     	;# 
   212  000B                     	;# 
   213  000C                     	;# 
   214  000D                     	;# 
   215  000E                     	;# 
   216  000E                     	;# 
   217  000F                     	;# 
   218  0010                     	;# 
   219  0011                     	;# 
   220  0012                     	;# 
   221  0013                     	;# 
   222  0014                     	;# 
   223  0015                     	;# 
   224  0015                     	;# 
   225  0016                     	;# 
   226  0017                     	;# 
   227  0018                     	;# 
   228  0019                     	;# 
   229  001A                     	;# 
   230  001B                     	;# 
   231  001B                     	;# 
   232  001C                     	;# 
   233  001D                     	;# 
   234  001E                     	;# 
   235  001F                     	;# 
   236  0081                     	;# 
   237  0085                     	;# 
   238  0086                     	;# 
   239  0087                     	;# 
   240  0088                     	;# 
   241  0089                     	;# 
   242  008C                     	;# 
   243  008D                     	;# 
   244  008E                     	;# 
   245  008F                     	;# 
   246  0090                     	;# 
   247  0091                     	;# 
   248  0092                     	;# 
   249  0093                     	;# 
   250  0093                     	;# 
   251  0093                     	;# 
   252  0094                     	;# 
   253  0095                     	;# 
   254  0096                     	;# 
   255  0097                     	;# 
   256  0098                     	;# 
   257  0099                     	;# 
   258  009A                     	;# 
   259  009B                     	;# 
   260  009C                     	;# 
   261  009D                     	;# 
   262  009E                     	;# 
   263  009F                     	;# 
   264  0105                     	;# 
   265  0107                     	;# 
   266  0108                     	;# 
   267  0109                     	;# 
   268  010C                     	;# 
   269  010C                     	;# 
   270  010D                     	;# 
   271  010E                     	;# 
   272  010F                     	;# 
   273  0185                     	;# 
   274  0187                     	;# 
   275  0188                     	;# 
   276  0189                     	;# 
   277  018C                     	;# 
   278  018D                     	;# 
   279  0013                     _SSPBUF	set	19
   280  0014                     _SSPCON	set	20
   281  0008                     _PORTD	set	8
   282  0006                     _PORTB	set	6
   283  0005                     _PORTA	set	5
   284  0063                     _SSPIF	set	99
   285  005E                     _PEIE	set	94
   286  005F                     _GIE	set	95
   287  0091                     _SSPCON2bits	set	145
   288  0087                     _TRISCbits	set	135
   289  0094                     _SSPSTAT	set	148
   290  0093                     _SSPADD	set	147
   291  0091                     _SSPCON2	set	145
   292  0085                     _TRISA	set	133
   293  0088                     _TRISD	set	136
   294  0086                     _TRISB	set	134
   295  0463                     _SSPIE	set	1123
   296  043C                     _TRISC4	set	1084
   297  043B                     _TRISC3	set	1083
   298  0189                     _ANSELH	set	393
   299  0188                     _ANSEL	set	392
   300                           
   301                           	psect	cinit
   302  07FC                     start_initialization:	
   303                           ; #config settings
   304                           
   305  07FC                     __initialization:
   306  07FC                     end_of_initialization:	
   307                           ;End of C runtime variable initialization code
   308                           
   309  07FC                     __end_of__initialization:
   310  07FC  0183               	clrf	3
   311  07FD  120A  118A  2FE3   	ljmp	_main	;jump to C main() function
   312                           
   313                           	psect	cstackCOMMON
   314  0070                     __pcstackCOMMON:
   315  0070                     ?_setup:
   316  0070                     ??_setup:	
   317                           ; 1 bytes @ 0x0
   318                           
   319  0070                     ?_main:	
   320                           ; 1 bytes @ 0x0
   321                           
   322  0070                     ??_main:	
   323                           ; 1 bytes @ 0x0
   324                           
   325                           
   326                           ; 1 bytes @ 0x0
   327  0070                     	ds	3
   328                           
   329                           	psect	maintext
   330  07E3                     __pmaintext:	
   331 ;;
   332 ;;Main: autosize = 0, tempsize = 3, incstack = 0, save=0
   333 ;;
   334 ;; *************** function _main *****************
   335 ;; Defined at:
   336 ;;		line 52 in file "mainm2.c"
   337 ;; Parameters:    Size  Location     Type
   338 ;;		None
   339 ;; Auto vars:     Size  Location     Type
   340 ;;		None
   341 ;; Return value:  Size  Location     Type
   342 ;;                  1    wreg      void 
   343 ;; Registers used:
   344 ;;		wreg, status,2, status,0, pclath, cstack
   345 ;; Tracked objects:
   346 ;;		On entry : B00/0
   347 ;;		On exit  : 0/0
   348 ;;		Unchanged: 0/0
   349 ;; Data sizes:     COMMON   BANK0   BANK1   BANK3   BANK2
   350 ;;      Params:         0       0       0       0       0
   351 ;;      Locals:         0       0       0       0       0
   352 ;;      Temps:          3       0       0       0       0
   353 ;;      Totals:         3       0       0       0       0
   354 ;;Total ram usage:        3 bytes
   355 ;; Hardware stack levels required when called:    1
   356 ;; This function calls:
   357 ;;		_setup
   358 ;; This function is called by:
   359 ;;		Startup code after reset
   360 ;; This function uses a non-reentrant model
   361 ;;
   362                           
   363                           
   364                           ;psect for function _main
   365  07E3                     _main:
   366  07E3                     l684:	
   367                           ;incstack = 0
   368                           ; Regs used in _main: [wreg+status,2+status,0+pclath+cstack]
   369                           
   370                           
   371                           ;mainm2.c: 53:     setup();
   372  07E3  120A  118A  27D2  120A  118A  	fcall	_setup
   373  07E8                     l686:
   374                           
   375                           ;mainm2.c: 55:         _delay((unsigned long)((200)*(8000000/4000.0)));
   376  07E8  3003               	movlw	3
   377  07E9  00F2               	movwf	??_main+2
   378  07EA  3008               	movlw	8
   379  07EB  00F1               	movwf	??_main+1
   380  07EC  3077               	movlw	119
   381  07ED  00F0               	movwf	??_main
   382  07EE                     u57:
   383  07EE  0BF0               	decfsz	??_main,f
   384  07EF  2FEE               	goto	u57
   385  07F0  0BF1               	decfsz	??_main+1,f
   386  07F1  2FEE               	goto	u57
   387  07F2  0BF2               	decfsz	??_main+2,f
   388  07F3  2FEE               	goto	u57
   389  07F4                     l688:
   390                           
   391                           ;mainm2.c: 56:         PORTA = 0b11111111;
   392  07F4  30FF               	movlw	255
   393  07F5  1283               	bcf	3,5	;RP0=0, select bank0
   394  07F6  1303               	bcf	3,6	;RP1=0, select bank0
   395  07F7  0085               	movwf	5	;volatile
   396  07F8  2FE8               	goto	l686
   397  07F9  120A  118A  2800   	ljmp	start
   398  07FC                     __end_of_main:
   399                           
   400                           	psect	text1
   401  07D2                     __ptext1:	
   402 ;; *************** function _setup *****************
   403 ;; Defined at:
   404 ;;		line 65 in file "mainm2.c"
   405 ;; Parameters:    Size  Location     Type
   406 ;;		None
   407 ;; Auto vars:     Size  Location     Type
   408 ;;		None
   409 ;; Return value:  Size  Location     Type
   410 ;;                  1    wreg      void 
   411 ;; Registers used:
   412 ;;		status,2
   413 ;; Tracked objects:
   414 ;;		On entry : 0/0
   415 ;;		On exit  : 0/0
   416 ;;		Unchanged: 0/0
   417 ;; Data sizes:     COMMON   BANK0   BANK1   BANK3   BANK2
   418 ;;      Params:         0       0       0       0       0
   419 ;;      Locals:         0       0       0       0       0
   420 ;;      Temps:          0       0       0       0       0
   421 ;;      Totals:         0       0       0       0       0
   422 ;;Total ram usage:        0 bytes
   423 ;; Hardware stack levels used:    1
   424 ;; This function calls:
   425 ;;		Nothing
   426 ;; This function is called by:
   427 ;;		_main
   428 ;; This function uses a non-reentrant model
   429 ;;
   430                           
   431                           
   432                           ;psect for function _setup
   433  07D2                     _setup:
   434  07D2                     l678:	
   435                           ;incstack = 0
   436                           ; Regs used in _setup: [status,2]
   437                           
   438                           
   439                           ;mainm2.c: 66:     ANSEL = 0;
   440  07D2  1683               	bsf	3,5	;RP0=1, select bank3
   441  07D3  1703               	bsf	3,6	;RP1=1, select bank3
   442  07D4  0188               	clrf	8	;volatile
   443                           
   444                           ;mainm2.c: 67:     ANSELH = 0;
   445  07D5  0189               	clrf	9	;volatile
   446                           
   447                           ;mainm2.c: 68:     TRISB = 0;
   448  07D6  1683               	bsf	3,5	;RP0=1, select bank1
   449  07D7  1303               	bcf	3,6	;RP1=0, select bank1
   450  07D8  0186               	clrf	6	;volatile
   451                           
   452                           ;mainm2.c: 69:     TRISD = 0;
   453  07D9  0188               	clrf	8	;volatile
   454                           
   455                           ;mainm2.c: 70:     PORTB = 0;
   456  07DA  1283               	bcf	3,5	;RP0=0, select bank0
   457  07DB  1303               	bcf	3,6	;RP1=0, select bank0
   458  07DC  0186               	clrf	6	;volatile
   459                           
   460                           ;mainm2.c: 71:     PORTD = 0;
   461  07DD  0188               	clrf	8	;volatile
   462                           
   463                           ;mainm2.c: 72:     PORTA = 0;
   464  07DE  0185               	clrf	5	;volatile
   465                           
   466                           ;mainm2.c: 73:     TRISA = 0;
   467  07DF  1683               	bsf	3,5	;RP0=1, select bank1
   468  07E0  1303               	bcf	3,6	;RP1=0, select bank1
   469  07E1  0185               	clrf	5	;volatile
   470  07E2                     l31:
   471  07E2  0008               	return
   472  07E3                     __end_of_setup:
   473  007E                     btemp	set	126	;btemp
   474  007E                     wtemp0	set	126
   475                           
   476                           	psect	config
   477                           
   478                           ;Config register CONFIG1 @ 0x2007
   479                           ;	Oscillator Selection bits
   480                           ;	FOSC = INTRC_NOCLKOUT, INTOSCIO oscillator: I/O function on RA6/OSC2/CLKOUT pin, I/O f
      +                          unction on RA7/OSC1/CLKIN
   481                           ;	Watchdog Timer Enable bit
   482                           ;	WDTE = OFF, WDT disabled and can be enabled by SWDTEN bit of the WDTCON register
   483                           ;	Power-up Timer Enable bit
   484                           ;	PWRTE = OFF, PWRT disabled
   485                           ;	RE3/MCLR pin function select bit
   486                           ;	MCLRE = ON, RE3/MCLR pin function is MCLR
   487                           ;	Code Protection bit
   488                           ;	CP = OFF, Program memory code protection is disabled
   489                           ;	Data Code Protection bit
   490                           ;	CPD = OFF, Data memory code protection is disabled
   491                           ;	Brown Out Reset Selection bits
   492                           ;	BOREN = ON, BOR enabled
   493                           ;	Internal External Switchover bit
   494                           ;	IESO = OFF, Internal/External Switchover mode is disabled
   495                           ;	Fail-Safe Clock Monitor Enabled bit
   496                           ;	FCMEN = OFF, Fail-Safe Clock Monitor is disabled
   497                           ;	Low Voltage Programming Enable bit
   498                           ;	LVP = OFF, RB3 pin has digital I/O, HV on MCLR must be used for programming
   499                           ;	In-Circuit Debugger Mode bit
   500                           ;	DEBUG = 0x1, unprogrammed default
   501  2007                     	org	8199
   502  2007  23F4               	dw	9204
   503                           
   504                           ;Config register CONFIG2 @ 0x2008
   505                           ;	Brown-out Reset Selection bit
   506                           ;	BOR4V = BOR40V, Brown-out Reset set to 4.0V
   507                           ;	Flash Program Memory Self Write Enable bits
   508                           ;	WRT = OFF, Write protection off
   509  2008                     	org	8200
   510  2008  3FFF               	dw	16383

Data Sizes:
    Strings     0
    Constant    0
    Data        0
    BSS         0
    Persistent  0
    Stack       0

Auto Spaces:
    Space          Size  Autos    Used
    COMMON           14      3       3
    BANK0            80      0       0
    BANK1            80      0       0
    BANK3            96      0       0
    BANK2            96      0       0

Pointer List with Targets:

    None.

Critical Paths under _main in COMMON

    None.

Critical Paths under _main in BANK0

    None.

Critical Paths under _main in BANK1

    None.

Critical Paths under _main in BANK3

    None.

Critical Paths under _main in BANK2

    None.

Call Graph Tables:

 ---------------------------------------------------------------------------------
 (Depth) Function   	        Calls       Base Space   Used Autos Params    Refs
 ---------------------------------------------------------------------------------
 (0) _main                                                 3     3      0       0
                                              0 COMMON     3     3      0
                              _setup
 ---------------------------------------------------------------------------------
 (1) _setup                                                0     0      0       0
 ---------------------------------------------------------------------------------
 Estimated maximum stack depth 1
 ---------------------------------------------------------------------------------

 Call Graph Graphs:

 _main (ROOT)
   _setup

 Address spaces:
Name               Size   Autos  Total    Cost      Usage
BITCOMMON            E      0       0       0        0.0%
EEDATA             100      0       0       0        0.0%
NULL                 0      0       0       0        0.0%
CODE                 0      0       0       0        0.0%
COMMON               E      3       3       1       21.4%
BITSFR0              0      0       0       1        0.0%
SFR0                 0      0       0       1        0.0%
BITSFR1              0      0       0       2        0.0%
SFR1                 0      0       0       2        0.0%
STACK                0      0       0       2        0.0%
ABS                  0      0       0       3        0.0%
BITBANK0            50      0       0       4        0.0%
BITSFR3              0      0       0       4        0.0%
SFR3                 0      0       0       4        0.0%
BANK0               50      0       0       5        0.0%
BITSFR2              0      0       0       5        0.0%
SFR2                 0      0       0       5        0.0%
BITBANK1            50      0       0       6        0.0%
BANK1               50      0       0       7        0.0%
BITBANK3            60      0       0       8        0.0%
BANK3               60      0       0       9        0.0%
BITBANK2            60      0       0      10        0.0%
BANK2               60      0       0      11        0.0%
DATA                 0      0       0      12        0.0%


Microchip Technology PIC Macro Assembler V2.31 build 20201012212115 
Symbol Table                                                                                   Wed Mar 10 20:09:29 2021

                     l31 07E2                       u57 07EE                      l684 07E3  
                    l678 07D2                      l686 07E8                      l688 07F4  
                    _GIE 005F                     _PEIE 005E                     _main 07E3  
                   btemp 007E                     start 0000                    ?_main 0070  
                  _ANSEL 0188                    _PORTA 0005                    _PORTB 0006  
                  _PORTD 0008                    _TRISA 0085                    _TRISB 0086  
                  _TRISD 0088                    _SSPIE 0463                    _SSPIF 0063  
                  _setup 07D2                    status 0003                    wtemp0 007E  
        __initialization 07FC             __end_of_main 07FC                   ??_main 0070  
                 ?_setup 0070                   _ANSELH 0189                   _SSPADD 0093  
                 _TRISC3 043B                   _TRISC4 043C                   _SSPCON 0014  
                 _SSPBUF 0013  __end_of__initialization 07FC           __pcstackCOMMON 0070  
          __end_of_setup 07E3                  ??_setup 0070               __pmaintext 07E3  
                _SSPCON2 0091                  _SSPSTAT 0094                  __ptext1 07D2  
   end_of_initialization 07FC                _TRISCbits 0087      start_initialization 07FC  
              ___latbits 0002           __size_of_setup 0011            __size_of_main 0019  
            _SSPCON2bits 0091  
